{
  "start": "2023-09-21T05:52:15.289Z",
  "end": "2023-09-21T05:52:30.061Z",
  "capabilities": {
    "acceptInsecureCerts": false,
    "browserName": "chrome",
    "browserVersion": "116.0.5845.187",
    "chrome": {
      "chromedriverVersion": "116.0.5845.96 (1a391816688002153ef791ffe60d9e899a71a037-refs/branch-heads/5845@{#1382})",
      "userDataDir": "/var/folders/s_/8l6nbrq939b2mcwkc5z4s54w0000gq/T/.org.chromium.Chromium.fjc3Fq"
    },
    "fedcm:accounts": true,
    "goog:chromeOptions": {
      "debuggerAddress": "localhost:61652"
    },
    "networkConnectionEnabled": false,
    "pageLoadStrategy": "normal",
    "platformName": "mac os x",
    "proxy": {},
    "setWindowRect": true,
    "strictFileInteractability": false,
    "timeouts": {
      "implicit": 0,
      "pageLoad": 300000,
      "script": 30000
    },
    "unhandledPromptBehavior": "dismiss and notify",
    "webauthn:extension:credBlob": true,
    "webauthn:extension:largeBlob": true,
    "webauthn:extension:minPinLength": true,
    "webauthn:extension:prf": true,
    "webauthn:virtualAuthenticators": true,
    "sessionId": "6a11564ad959c37864204e27291a966e"
  },
  "host": "0.0.0.0",
  "port": 61618,
  "baseUrl": "http://localhost",
  "framework": "cucumber",
  "duration": 14772,
  "suites": [
    {
      "title": "Verify menu availability",
      "duration": 14568,
      "start": "2023-09-21T05:52:15.413Z",
      "end": "2023-09-21T05:52:29.981Z",
      "tests": [
        {
          "title": "Given User at home page",
          "start": "2023-09-21T05:52:15.414Z",
          "end": "2023-09-21T05:52:21.445Z",
          "duration": 6031,
          "state": "passed",
          "screenshots": [
            "/Users/yizrahya-paulus/Library/CloudStorage/OneDrive-PT.MonicaHijauLestari/QA/AutomationProject/icarus-web-automation/results/file-1695275541440.jpeg"
          ]
        },
        {
          "title": "Then Login button should available",
          "start": "2023-09-21T05:52:21.446Z",
          "end": "2023-09-21T05:52:22.706Z",
          "duration": 1260,
          "state": "passed",
          "screenshots": [
            "/Users/yizrahya-paulus/Library/CloudStorage/OneDrive-PT.MonicaHijauLestari/QA/AutomationProject/icarus-web-automation/results/file-1695275542701.jpeg"
          ]
        },
        {
          "title": "Then Offers menu should available",
          "start": "2023-09-21T05:52:22.706Z",
          "end": "2023-09-21T05:52:23.994Z",
          "duration": 1288,
          "state": "passed",
          "screenshots": [
            "/Users/yizrahya-paulus/Library/CloudStorage/OneDrive-PT.MonicaHijauLestari/QA/AutomationProject/icarus-web-automation/results/file-1695275543982.jpeg"
          ]
        },
        {
          "title": "Then Face menu should available",
          "start": "2023-09-21T05:52:23.994Z",
          "end": "2023-09-21T05:52:25.264Z",
          "duration": 1270,
          "state": "passed",
          "screenshots": [
            "/Users/yizrahya-paulus/Library/CloudStorage/OneDrive-PT.MonicaHijauLestari/QA/AutomationProject/icarus-web-automation/results/file-1695275545259.jpeg"
          ]
        },
        {
          "title": "Then Body menu should available",
          "start": "2023-09-21T05:52:25.264Z",
          "end": "2023-09-21T05:52:26.533Z",
          "duration": 1269,
          "state": "passed",
          "screenshots": [
            "/Users/yizrahya-paulus/Library/CloudStorage/OneDrive-PT.MonicaHijauLestari/QA/AutomationProject/icarus-web-automation/results/file-1695275546528.jpeg"
          ]
        },
        {
          "title": "Then Hair menu should available",
          "start": "2023-09-21T05:52:26.533Z",
          "end": "2023-09-21T05:52:27.211Z",
          "duration": 678,
          "state": "passed",
          "screenshots": [
            "/Users/yizrahya-paulus/Library/CloudStorage/OneDrive-PT.MonicaHijauLestari/QA/AutomationProject/icarus-web-automation/results/file-1695275547208.jpeg"
          ]
        },
        {
          "title": "Then Make-up menu should available",
          "start": "2023-09-21T05:52:27.211Z",
          "end": "2023-09-21T05:52:27.879Z",
          "duration": 668,
          "state": "passed",
          "screenshots": [
            "/Users/yizrahya-paulus/Library/CloudStorage/OneDrive-PT.MonicaHijauLestari/QA/AutomationProject/icarus-web-automation/results/file-1695275547876.jpeg"
          ]
        },
        {
          "title": "Then Fragrance menu should available",
          "start": "2023-09-21T05:52:27.879Z",
          "end": "2023-09-21T05:52:28.552Z",
          "duration": 673,
          "state": "passed",
          "screenshots": [
            "/Users/yizrahya-paulus/Library/CloudStorage/OneDrive-PT.MonicaHijauLestari/QA/AutomationProject/icarus-web-automation/results/file-1695275548549.jpeg"
          ]
        },
        {
          "title": "Then Gifts menu should available",
          "start": "2023-09-21T05:52:28.552Z",
          "end": "2023-09-21T05:52:29.258Z",
          "duration": 706,
          "state": "passed",
          "screenshots": [
            "/Users/yizrahya-paulus/Library/CloudStorage/OneDrive-PT.MonicaHijauLestari/QA/AutomationProject/icarus-web-automation/results/file-1695275549251.jpeg"
          ]
        },
        {
          "title": "Then Range menu should available",
          "start": "2023-09-21T05:52:29.259Z",
          "end": "2023-09-21T05:52:29.980Z",
          "duration": 721,
          "state": "passed",
          "screenshots": [
            "/Users/yizrahya-paulus/Library/CloudStorage/OneDrive-PT.MonicaHijauLestari/QA/AutomationProject/icarus-web-automation/results/file-1695275549975.jpeg"
          ]
        }
      ],
      "hooks": [
        {
          "start": "2023-09-21T05:52:15.413Z",
          "end": "2023-09-21T05:52:15.414Z",
          "duration": 1,
          "title": "",
          "associatedSuite": "0"
        },
        {
          "start": "2023-09-21T05:52:29.980Z",
          "end": "2023-09-21T05:52:29.981Z",
          "duration": 1,
          "title": "",
          "associatedSuite": "0"
        }
      ]
    },
    {
      "title": "Home",
      "duration": 14576,
      "start": "2023-09-21T05:52:15.405Z",
      "end": "2023-09-21T05:52:29.981Z",
      "tests": [],
      "hooks": []
    }
  ],
  "specs": [
    "file:///Users/yizrahya-paulus/Library/CloudStorage/OneDrive-PT.MonicaHijauLestari/QA/AutomationProject/icarus-web-automation/features/home.feature"
  ],
  "state": {
    "passed": 10,
    "failed": 0,
    "skipped": 0
  }
}